Determining if the pthread_create exist failed with the following output:
Change Dir: /home/cs18/games101/8/build/CMakeFiles/CMakeTmp

Run Build Command:"/usr/bin/make" "cmTC_23c48/fast"
/usr/bin/make -f CMakeFiles/cmTC_23c48.dir/build.make CMakeFiles/cmTC_23c48.dir/build
make[1]: Entering directory '/home/cs18/games101/8/build/CMakeFiles/CMakeTmp'
Building C object CMakeFiles/cmTC_23c48.dir/CheckSymbolExists.c.o
/usr/bin/cc    -o CMakeFiles/cmTC_23c48.dir/CheckSymbolExists.c.o   -c /home/cs18/games101/8/build/CMakeFiles/CMakeTmp/CheckSymbolExists.c
Linking C executable cmTC_23c48
/usr/bin/cmake -E cmake_link_script CMakeFiles/cmTC_23c48.dir/link.txt --verbose=1
/usr/bin/cc      -rdynamic CMakeFiles/cmTC_23c48.dir/CheckSymbolExists.c.o  -o cmTC_23c48 
CMakeFiles/cmTC_23c48.dir/CheckSymbolExists.c.o: In function `main':
CheckSymbolExists.c:(.text+0x1b): undefined reference to `pthread_create'
collect2: error: ld returned 1 exit status
CMakeFiles/cmTC_23c48.dir/build.make:97: recipe for target 'cmTC_23c48' failed
make[1]: *** [cmTC_23c48] Error 1
make[1]: Leaving directory '/home/cs18/games101/8/build/CMakeFiles/CMakeTmp'
Makefile:126: recipe for target 'cmTC_23c48/fast' failed
make: *** [cmTC_23c48/fast] Error 2

File /home/cs18/games101/8/build/CMakeFiles/CMakeTmp/CheckSymbolExists.c:
/* */
#include <pthread.h>

int main(int argc, char** argv)
{
  (void)argv;
#ifndef pthread_create
  return ((int*)(&pthread_create))[argc];
#else
  (void)argc;
  return 0;
#endif
}

Determining if the function pthread_create exists in the pthreads failed with the following output:
Change Dir: /home/cs18/games101/8/build/CMakeFiles/CMakeTmp

Run Build Command:"/usr/bin/make" "cmTC_f62e7/fast"
/usr/bin/make -f CMakeFiles/cmTC_f62e7.dir/build.make CMakeFiles/cmTC_f62e7.dir/build
make[1]: Entering directory '/home/cs18/games101/8/build/CMakeFiles/CMakeTmp'
Building C object CMakeFiles/cmTC_f62e7.dir/CheckFunctionExists.c.o
/usr/bin/cc   -DCHECK_FUNCTION_EXISTS=pthread_create   -o CMakeFiles/cmTC_f62e7.dir/CheckFunctionExists.c.o   -c /usr/share/cmake-3.10/Modules/CheckFunctionExists.c
Linking C executable cmTC_f62e7
/usr/bin/cmake -E cmake_link_script CMakeFiles/cmTC_f62e7.dir/link.txt --verbose=1
/usr/bin/cc  -DCHECK_FUNCTION_EXISTS=pthread_create    -rdynamic CMakeFiles/cmTC_f62e7.dir/CheckFunctionExists.c.o  -o cmTC_f62e7 -lpthreads 
/usr/bin/ld: cannot find -lpthreads
collect2: error: ld returned 1 exit status
CMakeFiles/cmTC_f62e7.dir/build.make:97: recipe for target 'cmTC_f62e7' failed
make[1]: *** [cmTC_f62e7] Error 1
make[1]: Leaving directory '/home/cs18/games101/8/build/CMakeFiles/CMakeTmp'
Makefile:126: recipe for target 'cmTC_f62e7/fast' failed
make: *** [cmTC_f62e7/fast] Error 2


Determining if the function glXGetProcAddressEXT exists failed with the following output:
Change Dir: /home/cs18/games101/8/build/CMakeFiles/CMakeTmp

Run Build Command:"/usr/bin/make" "cmTC_f2f2f/fast"
/usr/bin/make -f CMakeFiles/cmTC_f2f2f.dir/build.make CMakeFiles/cmTC_f2f2f.dir/build
make[1]: Entering directory '/home/cs18/games101/8/build/CMakeFiles/CMakeTmp'
Building C object CMakeFiles/cmTC_f2f2f.dir/CheckFunctionExists.c.o
/usr/bin/cc   -DCHECK_FUNCTION_EXISTS=glXGetProcAddressEXT   -o CMakeFiles/cmTC_f2f2f.dir/CheckFunctionExists.c.o   -c /usr/share/cmake-3.10/Modules/CheckFunctionExists.c
Linking C executable cmTC_f2f2f
/usr/bin/cmake -E cmake_link_script CMakeFiles/cmTC_f2f2f.dir/link.txt --verbose=1
/usr/bin/cc  -DCHECK_FUNCTION_EXISTS=glXGetProcAddressEXT    -rdynamic CMakeFiles/cmTC_f2f2f.dir/CheckFunctionExists.c.o  -o cmTC_f2f2f /usr/lib/x86_64-linux-gnu/libGL.so 
CMakeFiles/cmTC_f2f2f.dir/CheckFunctionExists.c.o: In function `main':
CheckFunctionExists.c:(.text+0x10): undefined reference to `glXGetProcAddressEXT'
collect2: error: ld returned 1 exit status
CMakeFiles/cmTC_f2f2f.dir/build.make:98: recipe for target 'cmTC_f2f2f' failed
make[1]: *** [cmTC_f2f2f] Error 1
make[1]: Leaving directory '/home/cs18/games101/8/build/CMakeFiles/CMakeTmp'
Makefile:126: recipe for target 'cmTC_f2f2f/fast' failed
make: *** [cmTC_f2f2f/fast] Error 2


